\BOOKMARK [3][-]{section*.1}{1 Objeto}{}% 1
\BOOKMARK [3][-]{section*.2}{2 Alcance}{}% 2
\BOOKMARK [3][-]{section*.3}{3 Informe descriptivo del banco para pruebas con fuente de ruido}{}% 3
\BOOKMARK [3][-]{section*.4}{3.1 Introducci\363n}{}% 4
\BOOKMARK [2][-]{section*.5}{3.2 Estado del banco para pruebas con fuente de ruido en el CENDIT}{}% 5
\BOOKMARK [2][-]{section*.6}{}{}% 6
\BOOKMARK [2][-]{section*.7}{4 Visi\363n general \205 esquema principal \205 esquema conceptual conexi\363n}{}% 7
\BOOKMARK [2][-]{section*.8}{4 Descripci\363n general}{}% 8
\BOOKMARK [2][-]{section*.9}{4.1 Hardware}{}% 9
\BOOKMARK [2][-]{section*.10}{4.2 Sofware}{}% 10
\BOOKMARK [2][-]{section*.11}{}{}% 11
\BOOKMARK [2][-]{section*.12}{4 Descripci\363n general}{}% 12
\BOOKMARK [2][-]{section*.13}{4.1 Idea general de medici\363n de ruido factor Y}{}% 13
\BOOKMARK [2][-]{section*.14}{4.1 Interfaces f\355sicas}{}% 14
\BOOKMARK [2][-]{section*.15}{4.1.1 Buses GPIB, LAN, USB}{}% 15
\BOOKMARK [2][-]{section*.16}{4.2 Interfaces de software}{}% 16
\BOOKMARK [2][-]{section*.17}{4.2.1 GPIB, LAN, USB}{}% 17
\BOOKMARK [2][-]{section*.18}{4.3 Idea general de instrumentaci\363n remota}{}% 18
\BOOKMARK [2][-]{section*.19}{}{}% 19
\BOOKMARK [2][-]{section*.20}{}{}% 20
\BOOKMARK [2][-]{section*.21}{3.1 Descripci\363n de equipos}{}% 21
\BOOKMARK [2][-]{section*.22}{Caracteristicas t\351cnicas, especificaciones y limite m\341s importantes.}{}% 22
\BOOKMARK [2][-]{section*.23}{3.1 Descripci\363n hardware}{}% 23
\BOOKMARK [2][-]{section*.24}{3.1.2 Analizador de figura de ruido N8975A}{}% 24
\BOOKMARK [2][-]{section*.25}{3.1.3 Controlador de interruptores y atenuadores}{}% 25
\BOOKMARK [2][-]{section*.26}{3.1.4 Conjunto de pruebas con fuente de ruido N2002}{}% 26
\BOOKMARK [2][-]{section*.27}{3.1.5 Fuentes de ruido inteligentes serie N4000}{}% 27
\BOOKMARK [2][-]{section*.28}{3.1.6 Puente de red LAN a bus GPIB E5810}{}% 28
\BOOKMARK [2][-]{section*.29}{3.1.7 Adaptador bus USB a bus GPIB}{}% 29
\BOOKMARK [2][-]{section*.30}{}{}% 30
\BOOKMARK [2][-]{section*.31}{4.1 Descripci\363n de software}{}% 31
\BOOKMARK [2][-]{section*.32}{5 Ruido el\351ctrico}{}% 32
\BOOKMARK [2][-]{section*.33}{}{}% 33
\BOOKMARK [2][-]{section*.34}{5.1 Ruido}{}% 34
\BOOKMARK [2][-]{section*.35}{5.2 Figura de ruido}{}% 35
\BOOKMARK [2][-]{section*.36}{5.3 Medici\363n de figura de ruido: Factor Y}{}% 36
\BOOKMARK [2][-]{section*.37}{5.3 Incertidumbre en c\341lculos de ruido}{}% 37
\BOOKMARK [2][-]{section*.38}{5.4 Ganancia en redes de dos puertos}{}% 38
\BOOKMARK [2][-]{section*.39}{5.4.1 Ganancia de potencia}{}% 39
\BOOKMARK [2][-]{section*.40}{5.4.2 Ganancia de potencia de transductor}{}% 40
\BOOKMARK [2][-]{section*.41}{5.4.3 Ganancia de potencia disponible}{}% 41
\BOOKMARK [2][-]{section*.42}{5.5 C\341lculos de ruido en redes con impedancias desacopladas}{}% 42
\BOOKMARK [2][-]{section*.43}{}{}% 43
\BOOKMARK [2][-]{section*.44}{6 Medici\363n de figura de ruido con el banco para pruebas con fuentes de ruido Agilent}{}% 44
\BOOKMARK [2][-]{section*.45}{6.1 M\351todo manual \(acceso local\)}{}% 45
\BOOKMARK [2][-]{section*.46}{6.2 M\351todo automatizado \(acceso remoto\)}{}% 46
\BOOKMARK [2][-]{section*.47}{6.3 Automatizaci\363n de medici\363n de figura de ruido}{}% 47
\BOOKMARK [2][-]{section*.48}{}{}% 48
\BOOKMARK [2][-]{section*.49}{7 Referencia bibliogr\341ficas}{}% 49
\BOOKMARK [1][-]{section*.50}{}{}% 50
\BOOKMARK [1][-]{section*.51}{Informe descriptivo del banco para pruebas con fuente de ruido}{}% 51
\BOOKMARK [2][-]{section*.52}{Introducci\363n}{section*.51}% 52
\BOOKMARK [2][-]{section*.53}{Objetivo }{section*.51}% 53
\BOOKMARK [2][-]{section*.54}{Descripci\363n general}{section*.51}% 54
\BOOKMARK [2][-]{section*.55}{3.2 Estado del banco para pruebas con fuente de ruido en el CENDIT}{section*.51}% 55
\BOOKMARK [2][-]{section*.56}{3.2.1 Equipos}{section*.51}% 56
\BOOKMARK [2][-]{section*.57}{3.2.2 Fuentes de ruido}{section*.51}% 57
\BOOKMARK [2][-]{section*.58}{Cables}{section*.51}% 58
\BOOKMARK [2][-]{section*.59}{Adaptadores coaxiales}{section*.51}% 59
\BOOKMARK [2][-]{section*.60}{Accesorios}{section*.51}% 60
\BOOKMARK [1][-]{section*.61}{}{}% 61
\BOOKMARK [1][-]{section*.62}{Sistema de medici\363n de figura de ruido}{}% 62
\BOOKMARK [2][-]{section*.63}{Analizador de figura de ruido N8975A \(NFA Series Noise Figure Analyzer\)}{section*.62}% 63
\BOOKMARK [2][-]{section*.64}{}{section*.62}% 64
\BOOKMARK [2][-]{section*.65}{Interfaz de usuario. Resumen del panel frontal}{section*.62}% 65
\BOOKMARK [2][-]{section*.66}{Cuando se utiliza el modo de barrido, el rango de frecuencias se especifica ya sea por su frecuencia de inicio y por su frecuencia final o bien por la frecuencia central del rango y su extensi\363n. El numero de puntos \040que posee el rango se introduce con }{section*.62}% 66
\BOOKMARK [2][-]{section*.67}{Cuando se establece el NFA que realice las mediciones sobre una lista de frecuencias, al presionar la opci\363n, se muestra en pantalla el editor de lista de frecuencia sobre el cual el usuario ingresa los valores de frecuencia por medio del teclado num\351rico.}{section*.62}% 67
\BOOKMARK [2][-]{section*.68}{Cuando se desea medir en una frecuencia puntual, esta se ingresa por medio de la opci\363n }{section*.62}% 68
\BOOKMARK [2][-]{section*.69}{Banco de atenuadores y aisladores N2002A \(Noise Source Test Set \)}{section*.62}% 69
\BOOKMARK [2][-]{section*.70}{Descripci\363n de las pruebas de verificaci\363n [1.28]}{section*.62}% 70
\BOOKMARK [3][-]{section*.71}{Medici\363n de ENR [1.28]}{section*.70}% 71
\BOOKMARK [3][-]{section*.72}{Resumen del procedimiento de medici\363n de ENR [1.29] [1.39].}{section*.70}% 72
\BOOKMARK [3][-]{section*.73}{}{section*.70}% 73
\BOOKMARK [2][-]{section*.74}{Ecuaciones }{section*.62}% 74
\BOOKMARK [3][-]{section*.75}{ENR}{section*.74}% 75
\BOOKMARK [3][-]{section*.76}{Incertidumbre}{section*.74}% 76
\BOOKMARK [2][-]{section*.77}{}{section*.62}% 77
\BOOKMARK [2][-]{section*.78}{Medici\363n de coeficiente de reflexi\363n \(magnitud y fase\) [1.31]}{section*.62}% 78
\BOOKMARK [2][-]{section*.79}{Rango de las mediciones de ENR para fuentes de ruido Agilent}{section*.62}% 79
\BOOKMARK [2][-]{section*.80}{}{section*.62}% 80
\BOOKMARK [2][-]{section*.81}{Selecci\363n del est\341ndar de la fuente de ruido [1.34]}{section*.62}% 81
\BOOKMARK [2][-]{section*.82}{Equipo complementario al N2002A}{section*.62}% 82
\BOOKMARK [2][-]{section*.83}{Prueba de verificaci\363n [1.17]}{section*.62}% 83
\BOOKMARK [2][-]{section*.84}{Selecci\363n de fuente de ruido}{section*.62}% 84
\BOOKMARK [2][-]{section*.85}{Fuentes de 15 dB para}{section*.62}% 85
\BOOKMARK [2][-]{section*.86}{Fuentes de 6 dB para}{section*.62}% 86
\BOOKMARK [2][-]{section*.87}{Controlador de interruptores y atenuadores 11713 \(Attenuator Switch Driver\).}{section*.62}% 87
\BOOKMARK [2][-]{section*.88}{Especificaciones el\351ctricas}{section*.62}% 88
\BOOKMARK [2][-]{section*.89}{}{section*.62}% 89
\BOOKMARK [2][-]{section*.90}{Caracter\355sticas 11713B}{section*.62}% 90
\BOOKMARK [2][-]{section*.91}{Caracter\355sticas 11713C}{section*.62}% 91
\BOOKMARK [2][-]{section*.92}{Usos del 11713}{section*.62}% 92
\BOOKMARK [2][-]{section*.93}{Panel frontal del Keysight 11713B}{section*.62}% 93
\BOOKMARK [2][-]{section*.94}{Panel posterior del KeySIght 11713B.}{section*.62}% 94
\BOOKMARK [2][-]{section*.95}{}{section*.62}% 95
\BOOKMARK [2][-]{section*.96}{ Puerto GPIB }{section*.62}% 96
\BOOKMARK [2][-]{section*.97}{Conexi\363n de atenuadores e interruptores}{section*.62}% 97
\BOOKMARK [2][-]{section*.98}{Matriz de conexi\363n}{section*.62}% 98
\BOOKMARK [2][-]{section*.99}{}{section*.62}% 99
\BOOKMARK [2][-]{section*.100}{Control de interruptores coaxiales}{section*.62}% 100
\BOOKMARK [2][-]{section*.101}{Atenuaci\363n en el N2002 en base selecci\363n en 11713}{section*.62}% 101
\BOOKMARK [2][-]{section*.102}{Fuentes de ruido SNS serie N4000A}{section*.62}% 102
\BOOKMARK [2][-]{section*.103}{Precauciones}{section*.62}% 103
\BOOKMARK [2][-]{section*.104}{Que significa Excess Noise Ratio}{section*.62}% 104
\BOOKMARK [2][-]{section*.105}{Datos de SWR, coeficiente de reflexi\363n e incertidumbre en ENR [4]}{section*.62}% 105
\BOOKMARK [2][-]{section*.106}{Datos de incertidumbre [1.8]}{section*.62}% 106
\BOOKMARK [2][-]{section*.107}{Datos de SWR \(ROE\) y coeficiente de reflexi\363n.}{section*.62}% 107
\BOOKMARK [2][-]{section*.108}{Conectores}{section*.62}% 108
\BOOKMARK [2][-]{section*.109}{Formato del archivo de datos ENR [1.4]}{section*.62}% 109
\BOOKMARK [2][-]{section*.110}{Datos de ENR}{section*.62}% 110
\BOOKMARK [2][-]{section*.111}{Principio de operaci\363n de la fuente de ruido}{section*.62}% 111
\BOOKMARK [2][-]{section*.112}{Importancia del coeficiente de reflexi\363n de la fuente de ruido}{section*.62}% 112
\BOOKMARK [2][-]{section*.113}{Cuidados para el conector APC-3.5 \(m\)}{section*.62}% 113
\BOOKMARK [2][-]{section*.114}{Puente LAN/GPIB para Windows E5810 }{section*.62}% 114
\BOOKMARK [2][-]{section*.115}{Software }{section*.62}% 115
\BOOKMARK [2][-]{section*.116}{Conexiones t\355picas}{section*.62}% 116
\BOOKMARK [2][-]{section*.117}{Comunicaciones con el E5810}{section*.62}% 117
\BOOKMARK [2][-]{section*.118}{Conectores}{section*.62}% 118
\BOOKMARK [2][-]{section*.119}{Conector tipo-N}{section*.62}% 119
\BOOKMARK [2][-]{section*.120}{Conector 3.5mm}{section*.62}% 120
\BOOKMARK [2][-]{section*.121}{Adaptadores coaxiales de precisi\363n de 3.5 mm 83059}{section*.62}% 121
\BOOKMARK [1][-]{section*.122}{Referencias bibliogr\341ficas}{}% 122
